<?xml version="1.0" encoding="UTF-8"?>
<!-- Generated by org.testng.reporters.JUnitReportReporter -->
<testsuite hostname="WINDOWS-CSN1KR0" failures="0" tests="1" name="org.dev.SampleTestNG" time="5.936" errors="0" timestamp="19 Feb 2023 17:28:21 GMT" skipped="0">
  <testcase classname="org.dev.SampleTestNG" name="getRequest" time="5.936"/>
</testsuite> <!-- org.dev.SampleTestNG -->
